-------------------------------------------------------------------------------
Test set: TestSuite
-------------------------------------------------------------------------------
Tests run: 2, Failures: 1, Errors: 0, Skipped: 0, Time elapsed: 23.503 s <<< FAILURE! - in TestSuite
RunnerClass.MyRunner.setUpClass  Time elapsed: 0.368 s  <<< FAILURE!
java.lang.IllegalArgumentException: path must exist: C:\Users\AKGADHAV\eclipse-workspace\Cio.HRM\src\test\java\feature

